# JRE version: Java(TM) SE Runtime Environment (11.0+28) (build 11+28)
# Java VM: Java HotSpot(TM) 64-Bit Server VM (11+28, mixed mode, tiered, compressed oops, g1 gc, windows-amd64)
Heap:
 garbage-first heap   total 131072K, used 52329K [0x0000000081600000, 0x0000000100000000)
  region size 1024K, 24 young (24576K), 5 survivors (5120K)
 Metaspace       used 63921K, capacity 66167K, committed 66508K, reserved 1105920K
  class space    used 8272K, capacity 9283K, committed 9420K, reserved 1048576K
GC Heap History (10 events):
Event: 18.591 GC heap before
{Heap before GC invocations=7 (full 0):
 garbage-first heap   total 131072K, used 61268K [0x0000000081600000, 0x0000000100000000)
  region size 1024K, 46 young (47104K), 2 survivors (2048K)
 Metaspace       used 34556K, capacity 35801K, committed 35840K, reserved 1081344K
  class space    used 4254K, capacity 4832K, committed 4864K, reserved 1048576K
}
Event: 18.598 GC heap after
{Heap after GC invocations=8 (full 0):
 garbage-first heap   total 131072K, used 18973K [0x0000000081600000, 0x0000000100000000)
  region size 1024K, 4 young (4096K), 4 survivors (4096K)
 Metaspace       used 34556K, capacity 35801K, committed 35840K, reserved 1081344K
  class space    used 4254K, capacity 4832K, committed 4864K, reserved 1048576K
}
Event: 24.572 GC heap before
{Heap before GC invocations=9 (full 0):
 garbage-first heap   total 131072K, used 72221K [0x0000000081600000, 0x0000000100000000)
  region size 1024K, 57 young (58368K), 4 survivors (4096K)
 Metaspace       used 41762K, capacity 43152K, committed 43340K, reserved 1087488K
  class space    used 5311K, capacity 5952K, committed 5964K, reserved 1048576K
}
Event: 24.584 GC heap after
{Heap after GC invocations=10 (full 0):
 garbage-first heap   total 131072K, used 23458K [0x0000000081600000, 0x0000000100000000)
  region size 1024K, 8 young (8192K), 8 survivors (8192K)
 Metaspace       used 41762K, capacity 43152K, committed 43340K, reserved 1087488K
  class space    used 5311K, capacity 5952K, committed 5964K, reserved 1048576K
}
Event: 28.960 GC heap before
{Heap before GC invocations=11 (full 0):
 garbage-first heap   total 131072K, used 84898K [0x0000000081600000, 0x0000000100000000)
  region size 1024K, 68 young (69632K), 8 survivors (8192K)
 Metaspace       used 50573K, capacity 52395K, committed 52556K, reserved 1093632K
  class space    used 6594K, capacity 7445K, committed 7500K, reserved 1048576K
}
Event: 28.971 GC heap after
{Heap after GC invocations=12 (full 0):
 garbage-first heap   total 131072K, used 29451K [0x0000000081600000, 0x0000000100000000)
  region size 1024K, 9 young (9216K), 9 survivors (9216K)
 Metaspace       used 50573K, capacity 52395K, committed 52556K, reserved 1093632K
  class space    used 6594K, capacity 7445K, committed 7500K, reserved 1048576K
}
Event: 32.626 GC heap before
{Heap before GC invocations=12 (full 0):
 garbage-first heap   total 131072K, used 90891K [0x0000000081600000, 0x0000000100000000)
  region size 1024K, 69 young (70656K), 9 survivors (9216K)
 Metaspace       used 60728K, capacity 62831K, committed 62924K, reserved 1103872K
  class space    used 7896K, capacity 8833K, committed 8908K, reserved 1048576K
}
Event: 32.635 GC heap after
{Heap after GC invocations=13 (full 0):
 garbage-first heap   total 131072K, used 33333K [0x0000000081600000, 0x0000000100000000)
  region size 1024K, 4 young (4096K), 4 survivors (4096K)
 Metaspace       used 60728K, capacity 62831K, committed 62924K, reserved 1103872K
  class space    used 7896K, capacity 8833K, committed 8908K, reserved 1048576K
}
Event: 657.256 GC heap before
{Heap before GC invocations=13 (full 0):
 garbage-first heap   total 131072K, used 92725K [0x0000000081600000, 0x0000000100000000)
  region size 1024K, 63 young (64512K), 4 survivors (4096K)
 Metaspace       used 63853K, capacity 66061K, committed 66124K, reserved 1105920K
  class space    used 8263K, capacity 9247K, committed 9292K, reserved 1048576K
}
Event: 657.264 GC heap after
{Heap after GC invocations=14 (full 0):
 garbage-first heap   total 131072K, used 34921K [0x0000000081600000, 0x0000000100000000)
  region size 1024K, 5 young (5120K), 5 survivors (5120K)
 Metaspace       used 63853K, capacity 66061K, committed 66124K, reserved 1105920K
  class space    used 8263K, capacity 9247K, committed 9292K, reserved 1048576K
}

