# JRE version: Java(TM) SE Runtime Environment (11.0+28) (build 11+28)
# Java VM: Java HotSpot(TM) 64-Bit Server VM (11+28, mixed mode, tiered, compressed oops, g1 gc, windows-amd64)
Heap:
 garbage-first heap   total 164864K, used 130907K [0x0000000081600000, 0x0000000100000000)
  region size 1024K, 7 young (7168K), 1 survivors (1024K)
 Metaspace       used 63357K, capacity 65255K, committed 66124K, reserved 1105920K
  class space    used 8093K, capacity 8940K, committed 9292K, reserved 1048576K
GC Heap History (10 events):
Event: 1040421.558 GC heap before
{Heap before GC invocations=422 (full 0):
 garbage-first heap   total 164864K, used 144846K [0x0000000081600000, 0x0000000100000000)
  region size 1024K, 19 young (19456K), 1 survivors (1024K)
 Metaspace       used 62787K, capacity 64565K, committed 65740K, reserved 1105920K
  class space    used 7984K, capacity 8765K, committed 9164K, reserved 1048576K
}
Event: 1040421.563 GC heap after
{Heap after GC invocations=423 (full 0):
 garbage-first heap   total 164864K, used 126439K [0x0000000081600000, 0x0000000100000000)
  region size 1024K, 1 young (1024K), 1 survivors (1024K)
 Metaspace       used 62787K, capacity 64565K, committed 65740K, reserved 1105920K
  class space    used 7984K, capacity 8765K, committed 9164K, reserved 1048576K
}
Event: 1040846.557 GC heap before
{Heap before GC invocations=424 (full 0):
 garbage-first heap   total 164864K, used 144871K [0x0000000081600000, 0x0000000100000000)
  region size 1024K, 19 young (19456K), 1 survivors (1024K)
 Metaspace       used 62787K, capacity 64565K, committed 65740K, reserved 1105920K
  class space    used 7984K, capacity 8765K, committed 9164K, reserved 1048576K
}
Event: 1040846.565 GC heap after
{Heap after GC invocations=425 (full 0):
 garbage-first heap   total 164864K, used 126464K [0x0000000081600000, 0x0000000100000000)
  region size 1024K, 1 young (1024K), 1 survivors (1024K)
 Metaspace       used 62787K, capacity 64565K, committed 65740K, reserved 1105920K
  class space    used 7984K, capacity 8765K, committed 9164K, reserved 1048576K
}
Event: 1041275.612 GC heap before
{Heap before GC invocations=425 (full 0):
 garbage-first heap   total 164864K, used 144896K [0x0000000081600000, 0x0000000100000000)
  region size 1024K, 19 young (19456K), 1 survivors (1024K)
 Metaspace       used 62787K, capacity 64565K, committed 65740K, reserved 1105920K
  class space    used 7984K, capacity 8765K, committed 9164K, reserved 1048576K
}
Event: 1041275.617 GC heap after
{Heap after GC invocations=426 (full 0):
 garbage-first heap   total 164864K, used 126459K [0x0000000081600000, 0x0000000100000000)
  region size 1024K, 1 young (1024K), 1 survivors (1024K)
 Metaspace       used 62787K, capacity 64565K, committed 65740K, reserved 1105920K
  class space    used 7984K, capacity 8765K, committed 9164K, reserved 1048576K
}
Event: 1041529.473 GC heap before
{Heap before GC invocations=427 (full 0):
 garbage-first heap   total 164864K, used 143867K [0x0000000081600000, 0x0000000100000000)
  region size 1024K, 19 young (19456K), 1 survivors (1024K)
 Metaspace       used 63138K, capacity 64933K, committed 65996K, reserved 1105920K
  class space    used 8045K, capacity 8829K, committed 9164K, reserved 1048576K
}
Event: 1041529.480 GC heap after
{Heap after GC invocations=428 (full 0):
 garbage-first heap   total 164864K, used 126682K [0x0000000081600000, 0x0000000100000000)
  region size 1024K, 1 young (1024K), 1 survivors (1024K)
 Metaspace       used 63138K, capacity 64933K, committed 65996K, reserved 1105920K
  class space    used 8045K, capacity 8829K, committed 9164K, reserved 1048576K
}
Event: 1041532.828 GC heap before
{Heap before GC invocations=428 (full 0):
 garbage-first heap   total 164864K, used 144090K [0x0000000081600000, 0x0000000100000000)
  region size 1024K, 19 young (19456K), 1 survivors (1024K)
 Metaspace       used 63339K, capacity 65252K, committed 66124K, reserved 1105920K
  class space    used 8091K, capacity 8939K, committed 9292K, reserved 1048576K
}
Event: 1041532.833 GC heap after
{Heap after GC invocations=429 (full 0):
 garbage-first heap   total 164864K, used 126811K [0x0000000081600000, 0x0000000100000000)
  region size 1024K, 1 young (1024K), 1 survivors (1024K)
 Metaspace       used 63339K, capacity 65252K, committed 66124K, reserved 1105920K
  class space    used 8091K, capacity 8939K, committed 9292K, reserved 1048576K
}

