# JRE version: Java(TM) SE Runtime Environment (11.0+28) (build 11+28)
# Java VM: Java HotSpot(TM) 64-Bit Server VM (11+28, mixed mode, tiered, compressed oops, g1 gc, windows-amd64)
Heap:
 garbage-first heap   total 254976K, used 156851K [0x0000000081600000, 0x0000000100000000)
  region size 1024K, 8 young (8192K), 2 survivors (2048K)
 Metaspace       used 63315K, capacity 65199K, committed 66124K, reserved 1105920K
  class space    used 8101K, capacity 8946K, committed 9292K, reserved 1048576K
GC Heap History (10 events):
Event: 950291.337 GC heap before
{Heap before GC invocations=66 (full 0):
 garbage-first heap   total 254976K, used 218623K [0x0000000081600000, 0x0000000100000000)
  region size 1024K, 90 young (92160K), 9 survivors (9216K)
 Metaspace       used 62756K, capacity 64512K, committed 65868K, reserved 1105920K
  class space    used 7993K, capacity 8772K, committed 9292K, reserved 1048576K
}
Event: 950291.392 GC heap after
{Heap after GC invocations=67 (full 0):
 garbage-first heap   total 254976K, used 138141K [0x0000000081600000, 0x0000000100000000)
  region size 1024K, 6 young (6144K), 6 survivors (6144K)
 Metaspace       used 62756K, capacity 64512K, committed 65868K, reserved 1105920K
  class space    used 7993K, capacity 8772K, committed 9292K, reserved 1048576K
}
Event: 950291.983 GC heap before
{Heap before GC invocations=67 (full 0):
 garbage-first heap   total 254976K, used 173981K [0x0000000081600000, 0x0000000100000000)
  region size 1024K, 42 young (43008K), 6 survivors (6144K)
 Metaspace       used 62756K, capacity 64512K, committed 65868K, reserved 1105920K
  class space    used 7993K, capacity 8772K, committed 9292K, reserved 1048576K
}
Event: 950292.018 GC heap after
{Heap after GC invocations=68 (full 0):
 garbage-first heap   total 254976K, used 139782K [0x0000000081600000, 0x0000000100000000)
  region size 1024K, 7 young (7168K), 7 survivors (7168K)
 Metaspace       used 62756K, capacity 64512K, committed 65868K, reserved 1105920K
  class space    used 7993K, capacity 8772K, committed 9292K, reserved 1048576K
}
Event: 950293.334 GC heap before
{Heap before GC invocations=69 (full 0):
 garbage-first heap   total 254976K, used 228870K [0x0000000081600000, 0x0000000100000000)
  region size 1024K, 85 young (87040K), 7 survivors (7168K)
 Metaspace       used 62756K, capacity 64512K, committed 65868K, reserved 1105920K
  class space    used 7993K, capacity 8772K, committed 9292K, reserved 1048576K
}
Event: 950293.410 GC heap after
{Heap after GC invocations=70 (full 0):
 garbage-first heap   total 254976K, used 156302K [0x0000000081600000, 0x0000000100000000)
  region size 1024K, 11 young (11264K), 11 survivors (11264K)
 Metaspace       used 62756K, capacity 64512K, committed 65868K, reserved 1105920K
  class space    used 7993K, capacity 8772K, committed 9292K, reserved 1048576K
}
Event: 950293.775 GC heap before
{Heap before GC invocations=70 (full 0):
 garbage-first heap   total 254976K, used 217742K [0x0000000081600000, 0x0000000100000000)
  region size 1024K, 71 young (72704K), 11 survivors (11264K)
 Metaspace       used 62756K, capacity 64512K, committed 65868K, reserved 1105920K
  class space    used 7993K, capacity 8772K, committed 9292K, reserved 1048576K
}
Event: 950293.834 GC heap after
{Heap after GC invocations=71 (full 0):
 garbage-first heap   total 254976K, used 158586K [0x0000000081600000, 0x0000000100000000)
  region size 1024K, 2 young (2048K), 2 survivors (2048K)
 Metaspace       used 62756K, capacity 64512K, committed 65868K, reserved 1105920K
  class space    used 7993K, capacity 8772K, committed 9292K, reserved 1048576K
}
Event: 950804.554 GC heap before
{Heap before GC invocations=72 (full 0):
 garbage-first heap   total 254976K, used 213882K [0x0000000081600000, 0x0000000100000000)
  region size 1024K, 62 young (63488K), 2 survivors (2048K)
 Metaspace       used 63295K, capacity 65196K, committed 66124K, reserved 1105920K
  class space    used 8099K, capacity 8945K, committed 9292K, reserved 1048576K
}
Event: 950804.578 GC heap after
{Heap after GC invocations=73 (full 0):
 garbage-first heap   total 254976K, used 152755K [0x0000000081600000, 0x0000000100000000)
  region size 1024K, 2 young (2048K), 2 survivors (2048K)
 Metaspace       used 63295K, capacity 65196K, committed 66124K, reserved 1105920K
  class space    used 8099K, capacity 8945K, committed 9292K, reserved 1048576K
}

