# JRE version: Java(TM) SE Runtime Environment (11.0+28) (build 11+28)
# Java VM: Java HotSpot(TM) 64-Bit Server VM (11+28, mixed mode, tiered, compressed oops, g1 gc, windows-amd64)
Heap:
 garbage-first heap   total 394240K, used 319644K [0x0000000081600000, 0x0000000100000000)
  region size 1024K, 40 young (40960K), 1 survivors (1024K)
 Metaspace       used 63371K, capacity 65255K, committed 66124K, reserved 1105920K
  class space    used 8092K, capacity 8940K, committed 9292K, reserved 1048576K
GC Heap History (10 events):
Event: 2381114.511 GC heap before
{Heap before GC invocations=1251 (full 0):
 garbage-first heap   total 394240K, used 351325K [0x0000000081600000, 0x0000000100000000)
  region size 1024K, 69 young (70656K), 1 survivors (1024K)
 Metaspace       used 62803K, capacity 64565K, committed 65740K, reserved 1105920K
  class space    used 7983K, capacity 8765K, committed 9164K, reserved 1048576K
}
Event: 2381114.524 GC heap after
{Heap after GC invocations=1252 (full 0):
 garbage-first heap   total 394240K, used 281709K [0x0000000081600000, 0x0000000100000000)
  region size 1024K, 1 young (1024K), 1 survivors (1024K)
 Metaspace       used 62803K, capacity 64565K, committed 65740K, reserved 1105920K
  class space    used 7983K, capacity 8765K, committed 9164K, reserved 1048576K
}
Event: 2382708.503 GC heap before
{Heap before GC invocations=1253 (full 0):
 garbage-first heap   total 394240K, used 350317K [0x0000000081600000, 0x0000000100000000)
  region size 1024K, 68 young (69632K), 1 survivors (1024K)
 Metaspace       used 62803K, capacity 64565K, committed 65740K, reserved 1105920K
  class space    used 7983K, capacity 8765K, committed 9164K, reserved 1048576K
}
Event: 2382708.518 GC heap after
{Heap after GC invocations=1254 (full 0):
 garbage-first heap   total 394240K, used 281734K [0x0000000081600000, 0x0000000100000000)
  region size 1024K, 1 young (1024K), 1 survivors (1024K)
 Metaspace       used 62803K, capacity 64565K, committed 65740K, reserved 1105920K
  class space    used 7983K, capacity 8765K, committed 9164K, reserved 1048576K
}
Event: 2384299.141 GC heap before
{Heap before GC invocations=1254 (full 0):
 garbage-first heap   total 394240K, used 350342K [0x0000000081600000, 0x0000000100000000)
  region size 1024K, 68 young (69632K), 1 survivors (1024K)
 Metaspace       used 62803K, capacity 64565K, committed 65740K, reserved 1105920K
  class space    used 7983K, capacity 8765K, committed 9164K, reserved 1048576K
}
Event: 2384299.152 GC heap after
{Heap after GC invocations=1255 (full 0):
 garbage-first heap   total 394240K, used 281802K [0x0000000081600000, 0x0000000100000000)
  region size 1024K, 1 young (1024K), 1 survivors (1024K)
 Metaspace       used 62803K, capacity 64565K, committed 65740K, reserved 1105920K
  class space    used 7983K, capacity 8765K, committed 9164K, reserved 1048576K
}
Event: 2385897.450 GC heap before
{Heap before GC invocations=1256 (full 0):
 garbage-first heap   total 394240K, used 350410K [0x0000000081600000, 0x0000000100000000)
  region size 1024K, 68 young (69632K), 1 survivors (1024K)
 Metaspace       used 62803K, capacity 64565K, committed 65740K, reserved 1105920K
  class space    used 7983K, capacity 8765K, committed 9164K, reserved 1048576K
}
Event: 2385897.465 GC heap after
{Heap after GC invocations=1257 (full 0):
 garbage-first heap   total 394240K, used 281784K [0x0000000081600000, 0x0000000100000000)
  region size 1024K, 1 young (1024K), 1 survivors (1024K)
 Metaspace       used 62803K, capacity 64565K, committed 65740K, reserved 1105920K
  class space    used 7983K, capacity 8765K, committed 9164K, reserved 1048576K
}
Event: 2387497.360 GC heap before
{Heap before GC invocations=1257 (full 0):
 garbage-first heap   total 394240K, used 350392K [0x0000000081600000, 0x0000000100000000)
  region size 1024K, 68 young (69632K), 1 survivors (1024K)
 Metaspace       used 62803K, capacity 64565K, committed 65740K, reserved 1105920K
  class space    used 7983K, capacity 8765K, committed 9164K, reserved 1048576K
}
Event: 2387497.371 GC heap after
{Heap after GC invocations=1258 (full 0):
 garbage-first heap   total 394240K, used 281756K [0x0000000081600000, 0x0000000100000000)
  region size 1024K, 1 young (1024K), 1 survivors (1024K)
 Metaspace       used 62803K, capacity 64565K, committed 65740K, reserved 1105920K
  class space    used 7983K, capacity 8765K, committed 9164K, reserved 1048576K
}

