# JRE version: Java(TM) SE Runtime Environment (11.0+28) (build 11+28)
# Java VM: Java HotSpot(TM) 64-Bit Server VM (11+28, mixed mode, tiered, compressed oops, g1 gc, windows-amd64)
Heap:
 garbage-first heap   total 131072K, used 64079K [0x0000000081600000, 0x0000000100000000)
  region size 1024K, 8 young (8192K), 1 survivors (1024K)
 Metaspace       used 63311K, capacity 65183K, committed 66124K, reserved 1105920K
  class space    used 8098K, capacity 8940K, committed 9292K, reserved 1048576K
GC Heap History (10 events):
Event: 222171.256 GC heap before
{Heap before GC invocations=59 (full 0):
 garbage-first heap   total 131072K, used 114302K [0x0000000081600000, 0x0000000100000000)
  region size 1024K, 54 young (55296K), 1 survivors (1024K)
 Metaspace       used 63448K, capacity 65606K, committed 65740K, reserved 1105920K
  class space    used 8186K, capacity 9154K, committed 9164K, reserved 1048576K
}
Event: 222171.271 GC heap after
{Heap after GC invocations=60 (full 0):
 garbage-first heap   total 131072K, used 60069K [0x0000000081600000, 0x0000000100000000)
  region size 1024K, 1 young (1024K), 1 survivors (1024K)
 Metaspace       used 63448K, capacity 65606K, committed 65740K, reserved 1105920K
  class space    used 8186K, capacity 9154K, committed 9164K, reserved 1048576K
}
Event: 223429.079 GC heap before
{Heap before GC invocations=61 (full 0):
 garbage-first heap   total 131072K, used 113317K [0x0000000081600000, 0x0000000100000000)
  region size 1024K, 54 young (55296K), 1 survivors (1024K)
 Metaspace       used 62724K, capacity 64493K, committed 65740K, reserved 1105920K
  class space    used 7986K, capacity 8765K, committed 9164K, reserved 1048576K
}
Event: 223429.086 GC heap after
{Heap after GC invocations=62 (full 0):
 garbage-first heap   total 131072K, used 59086K [0x0000000081600000, 0x0000000100000000)
  region size 1024K, 1 young (1024K), 1 survivors (1024K)
 Metaspace       used 62724K, capacity 64493K, committed 65740K, reserved 1105920K
  class space    used 7986K, capacity 8765K, committed 9164K, reserved 1048576K
}
Event: 223545.078 GC heap before
{Heap before GC invocations=62 (full 0):
 garbage-first heap   total 131072K, used 64206K [0x0000000081600000, 0x0000000100000000)
  region size 1024K, 6 young (6144K), 1 survivors (1024K)
 Metaspace       used 62724K, capacity 64493K, committed 65740K, reserved 1105920K
  class space    used 7986K, capacity 8765K, committed 9164K, reserved 1048576K
}
Event: 223545.091 GC heap after
{Heap after GC invocations=63 (full 0):
 garbage-first heap   total 131072K, used 57314K [0x0000000081600000, 0x0000000100000000)
  region size 1024K, 1 young (1024K), 1 survivors (1024K)
 Metaspace       used 62724K, capacity 64493K, committed 65740K, reserved 1105920K
  class space    used 7986K, capacity 8765K, committed 9164K, reserved 1048576K
}
Event: 224849.531 GC heap before
{Heap before GC invocations=63 (full 0):
 garbage-first heap   total 131072K, used 113634K [0x0000000081600000, 0x0000000100000000)
  region size 1024K, 56 young (57344K), 1 survivors (1024K)
 Metaspace       used 62724K, capacity 64493K, committed 65740K, reserved 1105920K
  class space    used 7986K, capacity 8765K, committed 9164K, reserved 1048576K
}
Event: 224849.536 GC heap after
{Heap after GC invocations=64 (full 0):
 garbage-first heap   total 131072K, used 57534K [0x0000000081600000, 0x0000000100000000)
  region size 1024K, 1 young (1024K), 1 survivors (1024K)
 Metaspace       used 62724K, capacity 64493K, committed 65740K, reserved 1105920K
  class space    used 7986K, capacity 8765K, committed 9164K, reserved 1048576K
}
Event: 225564.500 GC heap before
{Heap before GC invocations=64 (full 0):
 garbage-first heap   total 131072K, used 112830K [0x0000000081600000, 0x0000000100000000)
  region size 1024K, 56 young (57344K), 1 survivors (1024K)
 Metaspace       used 63272K, capacity 65180K, committed 66124K, reserved 1105920K
  class space    used 8093K, capacity 8939K, committed 9292K, reserved 1048576K
}
Event: 225564.505 GC heap after
{Heap after GC invocations=65 (full 0):
 garbage-first heap   total 131072K, used 57935K [0x0000000081600000, 0x0000000100000000)
  region size 1024K, 1 young (1024K), 1 survivors (1024K)
 Metaspace       used 63272K, capacity 65180K, committed 66124K, reserved 1105920K
  class space    used 8093K, capacity 8939K, committed 9292K, reserved 1048576K
}

