# JRE version: Java(TM) SE Runtime Environment (11.0+28) (build 11+28)
# Java VM: Java HotSpot(TM) 64-Bit Server VM (11+28, mixed mode, tiered, compressed oops, g1 gc, windows-amd64)
Heap:
 garbage-first heap   total 197632K, used 129315K [0x0000000081600000, 0x0000000100000000)
  region size 1024K, 10 young (10240K), 2 survivors (2048K)
 Metaspace       used 63355K, capacity 65314K, committed 66380K, reserved 1105920K
  class space    used 8092K, capacity 8940K, committed 9292K, reserved 1048576K
GC Heap History (10 events):
Event: 808538.939 GC heap before
{Heap before GC invocations=261 (full 0):
 garbage-first heap   total 197632K, used 174310K [0x0000000081600000, 0x0000000100000000)
  region size 1024K, 57 young (58368K), 1 survivors (1024K)
 Metaspace       used 62786K, capacity 64560K, committed 65740K, reserved 1105920K
  class space    used 7983K, capacity 8765K, committed 9164K, reserved 1048576K
}
Event: 808538.955 GC heap after
{Heap after GC invocations=262 (full 0):
 garbage-first heap   total 197632K, used 116992K [0x0000000081600000, 0x0000000100000000)
  region size 1024K, 1 young (1024K), 1 survivors (1024K)
 Metaspace       used 62786K, capacity 64560K, committed 65740K, reserved 1105920K
  class space    used 7983K, capacity 8765K, committed 9164K, reserved 1048576K
}
Event: 867507.318 GC heap before
{Heap before GC invocations=262 (full 0):
 garbage-first heap   total 197632K, used 174336K [0x0000000081600000, 0x0000000100000000)
  region size 1024K, 57 young (58368K), 1 survivors (1024K)
 Metaspace       used 62786K, capacity 64560K, committed 65740K, reserved 1105920K
  class space    used 7983K, capacity 8765K, committed 9164K, reserved 1048576K
}
Event: 867507.366 GC heap after
{Heap after GC invocations=263 (full 0):
 garbage-first heap   total 197632K, used 118628K [0x0000000081600000, 0x0000000100000000)
  region size 1024K, 3 young (3072K), 3 survivors (3072K)
 Metaspace       used 62786K, capacity 64560K, committed 65740K, reserved 1105920K
  class space    used 7983K, capacity 8765K, committed 9164K, reserved 1048576K
}
Event: 867508.454 GC heap before
{Heap before GC invocations=264 (full 0):
 garbage-first heap   total 197632K, used 172900K [0x0000000081600000, 0x0000000100000000)
  region size 1024K, 56 young (57344K), 3 survivors (3072K)
 Metaspace       used 62786K, capacity 64560K, committed 65740K, reserved 1105920K
  class space    used 7983K, capacity 8765K, committed 9164K, reserved 1048576K
}
Event: 867508.513 GC heap after
{Heap after GC invocations=265 (full 0):
 garbage-first heap   total 197632K, used 121189K [0x0000000081600000, 0x0000000100000000)
  region size 1024K, 5 young (5120K), 5 survivors (5120K)
 Metaspace       used 62786K, capacity 64560K, committed 65740K, reserved 1105920K
  class space    used 7983K, capacity 8765K, committed 9164K, reserved 1048576K
}
Event: 868165.545 GC heap before
{Heap before GC invocations=265 (full 0):
 garbage-first heap   total 197632K, used 171365K [0x0000000081600000, 0x0000000100000000)
  region size 1024K, 54 young (55296K), 5 survivors (5120K)
 Metaspace       used 62786K, capacity 64560K, committed 65740K, reserved 1105920K
  class space    used 7983K, capacity 8765K, committed 9164K, reserved 1048576K
}
Event: 868165.593 GC heap after
{Heap after GC invocations=266 (full 0):
 garbage-first heap   total 197632K, used 122644K [0x0000000081600000, 0x0000000100000000)
  region size 1024K, 4 young (4096K), 4 survivors (4096K)
 Metaspace       used 62786K, capacity 64560K, committed 65740K, reserved 1105920K
  class space    used 7983K, capacity 8765K, committed 9164K, reserved 1048576K
}
Event: 868716.563 GC heap before
{Heap before GC invocations=267 (full 0):
 garbage-first heap   total 197632K, used 170772K [0x0000000081600000, 0x0000000100000000)
  region size 1024K, 52 young (53248K), 4 survivors (4096K)
 Metaspace       used 63334K, capacity 65215K, committed 65996K, reserved 1105920K
  class space    used 8089K, capacity 8907K, committed 9164K, reserved 1048576K
}
Event: 868716.600 GC heap after
{Heap after GC invocations=268 (full 0):
 garbage-first heap   total 197632K, used 123171K [0x0000000081600000, 0x0000000100000000)
  region size 1024K, 2 young (2048K), 2 survivors (2048K)
 Metaspace       used 63334K, capacity 65215K, committed 65996K, reserved 1105920K
  class space    used 8089K, capacity 8907K, committed 9164K, reserved 1048576K
}

