# JRE version: Java(TM) SE Runtime Environment (11.0+28) (build 11+28)
# Java VM: Java HotSpot(TM) 64-Bit Server VM (11+28, mixed mode, tiered, compressed oops, g1 gc, windows-amd64)
Heap:
 garbage-first heap   total 131072K, used 102849K [0x0000000081600000, 0x0000000100000000)
  region size 1024K, 13 young (13312K), 1 survivors (1024K)
 Metaspace       used 67169K, capacity 69159K, committed 70144K, reserved 1110016K
  class space    used 8612K, capacity 9474K, committed 9804K, reserved 1048576K
GC Heap History (10 events):
Event: 597566.972 GC heap before
{Heap before GC invocations=445 (full 0):
 garbage-first heap   total 131072K, used 115663K [0x0000000081600000, 0x0000000100000000)
  region size 1024K, 24 young (24576K), 1 survivors (1024K)
 Metaspace       used 66613K, capacity 68469K, committed 69888K, reserved 1110016K
  class space    used 8505K, capacity 9299K, committed 9804K, reserved 1048576K
}
Event: 597566.976 GC heap after
{Heap after GC invocations=446 (full 0):
 garbage-first heap   total 131072K, used 92131K [0x0000000081600000, 0x0000000100000000)
  region size 1024K, 1 young (1024K), 1 survivors (1024K)
 Metaspace       used 66613K, capacity 68469K, committed 69888K, reserved 1110016K
  class space    used 8505K, capacity 9299K, committed 9804K, reserved 1048576K
}
Event: 598116.694 GC heap before
{Heap before GC invocations=447 (full 0):
 garbage-first heap   total 131072K, used 115683K [0x0000000081600000, 0x0000000100000000)
  region size 1024K, 24 young (24576K), 1 survivors (1024K)
 Metaspace       used 66613K, capacity 68469K, committed 69888K, reserved 1110016K
  class space    used 8505K, capacity 9299K, committed 9804K, reserved 1048576K
}
Event: 598116.697 GC heap after
{Heap after GC invocations=448 (full 0):
 garbage-first heap   total 131072K, used 92154K [0x0000000081600000, 0x0000000100000000)
  region size 1024K, 1 young (1024K), 1 survivors (1024K)
 Metaspace       used 66613K, capacity 68469K, committed 69888K, reserved 1110016K
  class space    used 8505K, capacity 9299K, committed 9804K, reserved 1048576K
}
Event: 598666.396 GC heap before
{Heap before GC invocations=448 (full 0):
 garbage-first heap   total 131072K, used 115706K [0x0000000081600000, 0x0000000100000000)
  region size 1024K, 24 young (24576K), 1 survivors (1024K)
 Metaspace       used 66613K, capacity 68469K, committed 69888K, reserved 1110016K
  class space    used 8505K, capacity 9299K, committed 9804K, reserved 1048576K
}
Event: 598666.400 GC heap after
{Heap after GC invocations=449 (full 0):
 garbage-first heap   total 131072K, used 92177K [0x0000000081600000, 0x0000000100000000)
  region size 1024K, 1 young (1024K), 1 survivors (1024K)
 Metaspace       used 66613K, capacity 68469K, committed 69888K, reserved 1110016K
  class space    used 8505K, capacity 9299K, committed 9804K, reserved 1048576K
}
Event: 599217.262 GC heap before
{Heap before GC invocations=450 (full 0):
 garbage-first heap   total 131072K, used 115729K [0x0000000081600000, 0x0000000100000000)
  region size 1024K, 24 young (24576K), 1 survivors (1024K)
 Metaspace       used 66613K, capacity 68469K, committed 69888K, reserved 1110016K
  class space    used 8505K, capacity 9299K, committed 9804K, reserved 1048576K
}
Event: 599217.268 GC heap after
{Heap after GC invocations=451 (full 0):
 garbage-first heap   total 131072K, used 92192K [0x0000000081600000, 0x0000000100000000)
  region size 1024K, 1 young (1024K), 1 survivors (1024K)
 Metaspace       used 66613K, capacity 68469K, committed 69888K, reserved 1110016K
  class space    used 8505K, capacity 9299K, committed 9804K, reserved 1048576K
}
Event: 599317.507 GC heap before
{Heap before GC invocations=451 (full 0):
 garbage-first heap   total 131072K, used 114720K [0x0000000081600000, 0x0000000100000000)
  region size 1024K, 24 young (24576K), 1 survivors (1024K)
 Metaspace       used 67141K, capacity 69092K, committed 70144K, reserved 1110016K
  class space    used 8609K, capacity 9473K, committed 9804K, reserved 1048576K
}
Event: 599317.511 GC heap after
{Heap after GC invocations=452 (full 0):
 garbage-first heap   total 131072K, used 92609K [0x0000000081600000, 0x0000000100000000)
  region size 1024K, 1 young (1024K), 1 survivors (1024K)
 Metaspace       used 67141K, capacity 69092K, committed 70144K, reserved 1110016K
  class space    used 8609K, capacity 9473K, committed 9804K, reserved 1048576K
}

