# JRE version: Java(TM) SE Runtime Environment (11.0+28) (build 11+28)
# Java VM: Java HotSpot(TM) 64-Bit Server VM (11+28, mixed mode, tiered, compressed oops, g1 gc, windows-amd64)
Heap:
 garbage-first heap   total 131072K, used 42590K [0x0000000081600000, 0x0000000100000000)
  region size 1024K, 10 young (10240K), 1 survivors (1024K)
 Metaspace       used 63883K, capacity 66101K, committed 66252K, reserved 1105920K
  class space    used 8269K, capacity 9283K, committed 9420K, reserved 1048576K
GC Heap History (10 events):
Event: 18.719 GC heap before
{Heap before GC invocations=7 (full 0):
 garbage-first heap   total 131072K, used 45164K [0x0000000081600000, 0x0000000100000000)
  region size 1024K, 31 young (31744K), 3 survivors (3072K)
 Metaspace       used 34589K, capacity 35801K, committed 35840K, reserved 1081344K
  class space    used 4251K, capacity 4832K, committed 4864K, reserved 1048576K
}
Event: 18.725 GC heap after
{Heap after GC invocations=8 (full 0):
 garbage-first heap   total 131072K, used 18771K [0x0000000081600000, 0x0000000100000000)
  region size 1024K, 4 young (4096K), 4 survivors (4096K)
 Metaspace       used 34589K, capacity 35801K, committed 35840K, reserved 1081344K
  class space    used 4251K, capacity 4832K, committed 4864K, reserved 1048576K
}
Event: 22.801 GC heap before
{Heap before GC invocations=9 (full 0):
 garbage-first heap   total 131072K, used 83283K [0x0000000081600000, 0x0000000100000000)
  region size 1024K, 67 young (68608K), 4 survivors (4096K)
 Metaspace       used 43064K, capacity 44554K, committed 44620K, reserved 1087488K
  class space    used 5480K, capacity 6186K, committed 6220K, reserved 1048576K
}
Event: 22.812 GC heap after
{Heap after GC invocations=10 (full 0):
 garbage-first heap   total 131072K, used 24085K [0x0000000081600000, 0x0000000100000000)
  region size 1024K, 9 young (9216K), 9 survivors (9216K)
 Metaspace       used 43064K, capacity 44554K, committed 44620K, reserved 1087488K
  class space    used 5480K, capacity 6186K, committed 6220K, reserved 1048576K
}
Event: 30.716 GC heap before
{Heap before GC invocations=11 (full 0):
 garbage-first heap   total 131072K, used 90645K [0x0000000081600000, 0x0000000100000000)
  region size 1024K, 75 young (76800K), 9 survivors (9216K)
 Metaspace       used 53670K, capacity 55498K, committed 55756K, reserved 1097728K
  class space    used 6927K, capacity 7777K, committed 7884K, reserved 1048576K
}
Event: 30.728 GC heap after
{Heap after GC invocations=12 (full 0):
 garbage-first heap   total 131072K, used 30055K [0x0000000081600000, 0x0000000100000000)
  region size 1024K, 6 young (6144K), 6 survivors (6144K)
 Metaspace       used 53670K, capacity 55498K, committed 55756K, reserved 1097728K
  class space    used 6927K, capacity 7777K, committed 7884K, reserved 1048576K
}
Event: 52.323 GC heap before
{Heap before GC invocations=12 (full 0):
 garbage-first heap   total 131072K, used 96615K [0x0000000081600000, 0x0000000100000000)
  region size 1024K, 71 young (72704K), 6 survivors (6144K)
 Metaspace       used 63242K, capacity 65397K, committed 65484K, reserved 1105920K
  class space    used 8183K, capacity 9154K, committed 9164K, reserved 1048576K
}
Event: 52.336 GC heap after
{Heap after GC invocations=13 (full 0):
 garbage-first heap   total 131072K, used 35351K [0x0000000081600000, 0x0000000100000000)
  region size 1024K, 6 young (6144K), 6 survivors (6144K)
 Metaspace       used 63242K, capacity 65397K, committed 65484K, reserved 1105920K
  class space    used 8183K, capacity 9154K, committed 9164K, reserved 1048576K
}
Event: 958.671 GC heap before
{Heap before GC invocations=13 (full 0):
 garbage-first heap   total 131072K, used 97815K [0x0000000081600000, 0x0000000100000000)
  region size 1024K, 68 young (69632K), 6 survivors (6144K)
 Metaspace       used 63859K, capacity 66066K, committed 66124K, reserved 1105920K
  class space    used 8266K, capacity 9250K, committed 9292K, reserved 1048576K
}
Event: 958.679 GC heap after
{Heap after GC invocations=14 (full 0):
 garbage-first heap   total 131072K, used 35422K [0x0000000081600000, 0x0000000100000000)
  region size 1024K, 1 young (1024K), 1 survivors (1024K)
 Metaspace       used 63859K, capacity 66066K, committed 66124K, reserved 1105920K
  class space    used 8266K, capacity 9250K, committed 9292K, reserved 1048576K
}

