# JRE version: Java(TM) SE Runtime Environment (11.0+28) (build 11+28)
# Java VM: Java HotSpot(TM) 64-Bit Server VM (11+28, mixed mode, tiered, compressed oops, g1 gc, windows-amd64)
Heap:
 garbage-first heap   total 131072K, used 113194K [0x0000000081600000, 0x0000000100000000)
  region size 1024K, 5 young (5120K), 1 survivors (1024K)
 Metaspace       used 63441K, capacity 65395K, committed 66508K, reserved 1105920K
  class space    used 8117K, capacity 8992K, committed 9420K, reserved 1048576K
GC Heap History (10 events):
Event: 814286.764 GC heap before
{Heap before GC invocations=874 (full 0):
 garbage-first heap   total 131072K, used 115029K [0x0000000081600000, 0x0000000100000000)
  region size 1024K, 6 young (6144K), 1 survivors (1024K)
 Metaspace       used 63240K, capacity 65076K, committed 66380K, reserved 1105920K
  class space    used 8069K, capacity 8882K, committed 9292K, reserved 1048576K
}
Event: 814286.767 GC heap after
{Heap after GC invocations=875 (full 0):
 garbage-first heap   total 131072K, used 110960K [0x0000000081600000, 0x0000000100000000)
  region size 1024K, 1 young (1024K), 1 survivors (1024K)
 Metaspace       used 63240K, capacity 65076K, committed 66380K, reserved 1105920K
  class space    used 8069K, capacity 8882K, committed 9292K, reserved 1048576K
}
Event: 814287.228 GC heap before
{Heap before GC invocations=875 (full 0):
 garbage-first heap   total 131072K, used 115056K [0x0000000081600000, 0x0000000100000000)
  region size 1024K, 6 young (6144K), 1 survivors (1024K)
 Metaspace       used 63369K, capacity 65257K, committed 66380K, reserved 1105920K
  class space    used 8104K, capacity 8946K, committed 9292K, reserved 1048576K
}
Event: 814287.230 GC heap after
{Heap after GC invocations=876 (full 0):
 garbage-first heap   total 131072K, used 111077K [0x0000000081600000, 0x0000000100000000)
  region size 1024K, 1 young (1024K), 1 survivors (1024K)
 Metaspace       used 63369K, capacity 65257K, committed 66380K, reserved 1105920K
  class space    used 8104K, capacity 8946K, committed 9292K, reserved 1048576K
}
Event: 814288.361 GC heap before
{Heap before GC invocations=876 (full 0):
 garbage-first heap   total 131072K, used 115173K [0x0000000081600000, 0x0000000100000000)
  region size 1024K, 6 young (6144K), 1 survivors (1024K)
 Metaspace       used 63422K, capacity 65328K, committed 66508K, reserved 1105920K
  class space    used 8115K, capacity 8991K, committed 9420K, reserved 1048576K
}
Event: 814288.366 GC heap after
{Heap after GC invocations=877 (full 0):
 garbage-first heap   total 131072K, used 111160K [0x0000000081600000, 0x0000000100000000)
  region size 1024K, 1 young (1024K), 1 survivors (1024K)
 Metaspace       used 63422K, capacity 65328K, committed 66508K, reserved 1105920K
  class space    used 8115K, capacity 8991K, committed 9420K, reserved 1048576K
}
Event: 814288.644 GC heap before
{Heap before GC invocations=877 (full 0):
 garbage-first heap   total 131072K, used 115256K [0x0000000081600000, 0x0000000100000000)
  region size 1024K, 6 young (6144K), 1 survivors (1024K)
 Metaspace       used 63422K, capacity 65328K, committed 66508K, reserved 1105920K
  class space    used 8115K, capacity 8991K, committed 9420K, reserved 1048576K
}
Event: 814288.646 GC heap after
{Heap after GC invocations=878 (full 0):
 garbage-first heap   total 131072K, used 111207K [0x0000000081600000, 0x0000000100000000)
  region size 1024K, 1 young (1024K), 1 survivors (1024K)
 Metaspace       used 63422K, capacity 65328K, committed 66508K, reserved 1105920K
  class space    used 8115K, capacity 8991K, committed 9420K, reserved 1048576K
}
Event: 814289.477 GC heap before
{Heap before GC invocations=878 (full 0):
 garbage-first heap   total 131072K, used 115303K [0x0000000081600000, 0x0000000100000000)
  region size 1024K, 6 young (6144K), 1 survivors (1024K)
 Metaspace       used 63424K, capacity 65328K, committed 66508K, reserved 1105920K
  class space    used 8115K, capacity 8991K, committed 9420K, reserved 1048576K
}
Event: 814289.479 GC heap after
{Heap after GC invocations=879 (full 0):
 garbage-first heap   total 131072K, used 111146K [0x0000000081600000, 0x0000000100000000)
  region size 1024K, 1 young (1024K), 1 survivors (1024K)
 Metaspace       used 63424K, capacity 65328K, committed 66508K, reserved 1105920K
  class space    used 8115K, capacity 8991K, committed 9420K, reserved 1048576K
}

