# JRE version: Java(TM) SE Runtime Environment (11.0+28) (build 11+28)
# Java VM: Java HotSpot(TM) 64-Bit Server VM (11+28, mixed mode, tiered, compressed oops, g1 gc, windows-amd64)
Heap:
 garbage-first heap   total 131072K, used 108678K [0x0000000081600000, 0x0000000100000000)
  region size 1024K, 67 young (68608K), 2 survivors (2048K)
 Metaspace       used 63970K, capacity 66208K, committed 66380K, reserved 1105920K
  class space    used 8267K, capacity 9251K, committed 9292K, reserved 1048576K
GC Heap History (10 events):
Event: 79345.891 GC heap before
{Heap before GC invocations=42 (full 0):
 garbage-first heap   total 131072K, used 114643K [0x0000000081600000, 0x0000000100000000)
  region size 1024K, 71 young (72704K), 2 survivors (2048K)
 Metaspace       used 63470K, capacity 65607K, committed 65740K, reserved 1105920K
  class space    used 8182K, capacity 9154K, committed 9164K, reserved 1048576K
}
Event: 79345.897 GC heap after
{Heap after GC invocations=43 (full 0):
 garbage-first heap   total 131072K, used 44024K [0x0000000081600000, 0x0000000100000000)
  region size 1024K, 2 young (2048K), 2 survivors (2048K)
 Metaspace       used 63470K, capacity 65607K, committed 65740K, reserved 1105920K
  class space    used 8182K, capacity 9154K, committed 9164K, reserved 1048576K
}
Event: 80995.890 GC heap before
{Heap before GC invocations=43 (full 0):
 garbage-first heap   total 131072K, used 114680K [0x0000000081600000, 0x0000000100000000)
  region size 1024K, 71 young (72704K), 2 survivors (2048K)
 Metaspace       used 63470K, capacity 65607K, committed 65740K, reserved 1105920K
  class space    used 8182K, capacity 9154K, committed 9164K, reserved 1048576K
}
Event: 80995.896 GC heap after
{Heap after GC invocations=44 (full 0):
 garbage-first heap   total 131072K, used 43971K [0x0000000081600000, 0x0000000100000000)
  region size 1024K, 2 young (2048K), 2 survivors (2048K)
 Metaspace       used 63470K, capacity 65607K, committed 65740K, reserved 1105920K
  class space    used 8182K, capacity 9154K, committed 9164K, reserved 1048576K
}
Event: 82637.892 GC heap before
{Heap before GC invocations=44 (full 0):
 garbage-first heap   total 131072K, used 114627K [0x0000000081600000, 0x0000000100000000)
  region size 1024K, 71 young (72704K), 2 survivors (2048K)
 Metaspace       used 63470K, capacity 65607K, committed 65740K, reserved 1105920K
  class space    used 8182K, capacity 9154K, committed 9164K, reserved 1048576K
}
Event: 82637.898 GC heap after
{Heap after GC invocations=45 (full 0):
 garbage-first heap   total 131072K, used 44150K [0x0000000081600000, 0x0000000100000000)
  region size 1024K, 2 young (2048K), 2 survivors (2048K)
 Metaspace       used 63470K, capacity 65607K, committed 65740K, reserved 1105920K
  class space    used 8182K, capacity 9154K, committed 9164K, reserved 1048576K
}
Event: 84288.297 GC heap before
{Heap before GC invocations=45 (full 0):
 garbage-first heap   total 131072K, used 114806K [0x0000000081600000, 0x0000000100000000)
  region size 1024K, 71 young (72704K), 2 survivors (2048K)
 Metaspace       used 63470K, capacity 65607K, committed 65740K, reserved 1105920K
  class space    used 8182K, capacity 9154K, committed 9164K, reserved 1048576K
}
Event: 84288.303 GC heap after
{Heap after GC invocations=46 (full 0):
 garbage-first heap   total 131072K, used 44107K [0x0000000081600000, 0x0000000100000000)
  region size 1024K, 2 young (2048K), 2 survivors (2048K)
 Metaspace       used 63470K, capacity 65607K, committed 65740K, reserved 1105920K
  class space    used 8182K, capacity 9154K, committed 9164K, reserved 1048576K
}
Event: 85929.890 GC heap before
{Heap before GC invocations=46 (full 0):
 garbage-first heap   total 131072K, used 114763K [0x0000000081600000, 0x0000000100000000)
  region size 1024K, 71 young (72704K), 2 survivors (2048K)
 Metaspace       used 63470K, capacity 65607K, committed 65740K, reserved 1105920K
  class space    used 8182K, capacity 9154K, committed 9164K, reserved 1048576K
}
Event: 85929.896 GC heap after
{Heap after GC invocations=47 (full 0):
 garbage-first heap   total 131072K, used 44166K [0x0000000081600000, 0x0000000100000000)
  region size 1024K, 2 young (2048K), 2 survivors (2048K)
 Metaspace       used 63470K, capacity 65607K, committed 65740K, reserved 1105920K
  class space    used 8182K, capacity 9154K, committed 9164K, reserved 1048576K
}

