# JRE version: Java(TM) SE Runtime Environment (11.0+28) (build 11+28)
# Java VM: Java HotSpot(TM) 64-Bit Server VM (11+28, mixed mode, tiered, compressed oops, g1 gc, windows-amd64)
Heap:
 garbage-first heap   total 161792K, used 65162K [0x0000000081600000, 0x0000000100000000)
  region size 1024K, 32 young (32768K), 8 survivors (8192K)
 Metaspace       used 63927K, capacity 66177K, committed 66432K, reserved 1105920K
  class space    used 8269K, capacity 9283K, committed 9344K, reserved 1048576K
GC Heap History (10 events):
Event: 4464.256 GC heap before
{Heap before GC invocations=14 (full 0):
 garbage-first heap   total 161792K, used 104544K [0x0000000081600000, 0x0000000100000000)
  region size 1024K, 74 young (75776K), 6 survivors (6144K)
 Metaspace       used 63391K, capacity 65540K, committed 65792K, reserved 1105920K
  class space    used 8183K, capacity 9154K, committed 9216K, reserved 1048576K
}
Event: 4464.266 GC heap after
{Heap after GC invocations=15 (full 0):
 garbage-first heap   total 161792K, used 35404K [0x0000000081600000, 0x0000000100000000)
  region size 1024K, 5 young (5120K), 5 survivors (5120K)
 Metaspace       used 63391K, capacity 65540K, committed 65792K, reserved 1105920K
  class space    used 8183K, capacity 9154K, committed 9216K, reserved 1048576K
}
Event: 6281.408 GC heap before
{Heap before GC invocations=15 (full 0):
 garbage-first heap   total 161792K, used 114252K [0x0000000081600000, 0x0000000100000000)
  region size 1024K, 82 young (83968K), 5 survivors (5120K)
 Metaspace       used 63405K, capacity 65604K, committed 65792K, reserved 1105920K
  class space    used 8183K, capacity 9154K, committed 9216K, reserved 1048576K
}
Event: 6281.416 GC heap after
{Heap after GC invocations=16 (full 0):
 garbage-first heap   total 161792K, used 35397K [0x0000000081600000, 0x0000000100000000)
  region size 1024K, 5 young (5120K), 5 survivors (5120K)
 Metaspace       used 63405K, capacity 65604K, committed 65792K, reserved 1105920K
  class space    used 8183K, capacity 9154K, committed 9216K, reserved 1048576K
}
Event: 8227.429 GC heap before
{Heap before GC invocations=16 (full 0):
 garbage-first heap   total 161792K, used 119365K [0x0000000081600000, 0x0000000100000000)
  region size 1024K, 87 young (89088K), 5 survivors (5120K)
 Metaspace       used 63416K, capacity 65608K, committed 65792K, reserved 1105920K
  class space    used 8183K, capacity 9154K, committed 9216K, reserved 1048576K
}
Event: 8227.436 GC heap after
{Heap after GC invocations=17 (full 0):
 garbage-first heap   total 161792K, used 35392K [0x0000000081600000, 0x0000000100000000)
  region size 1024K, 5 young (5120K), 5 survivors (5120K)
 Metaspace       used 63416K, capacity 65608K, committed 65792K, reserved 1105920K
  class space    used 8183K, capacity 9154K, committed 9216K, reserved 1048576K
}
Event: 75176.413 GC heap before
{Heap before GC invocations=17 (full 0):
 garbage-first heap   total 161792K, used 125504K [0x0000000081600000, 0x0000000100000000)
  region size 1024K, 94 young (96256K), 5 survivors (5120K)
 Metaspace       used 63423K, capacity 65608K, committed 65792K, reserved 1105920K
  class space    used 8183K, capacity 9154K, committed 9216K, reserved 1048576K
}
Event: 75176.432 GC heap after
{Heap after GC invocations=18 (full 0):
 garbage-first heap   total 161792K, used 38464K [0x0000000081600000, 0x0000000100000000)
  region size 1024K, 8 young (8192K), 8 survivors (8192K)
 Metaspace       used 63423K, capacity 65608K, committed 65792K, reserved 1105920K
  class space    used 8183K, capacity 9154K, committed 9216K, reserved 1048576K
}
Event: 75453.835 GC heap before
{Heap before GC invocations=18 (full 0):
 garbage-first heap   total 161792K, used 126528K [0x0000000081600000, 0x0000000100000000)
  region size 1024K, 94 young (96256K), 8 survivors (8192K)
 Metaspace       used 63755K, capacity 65915K, committed 66048K, reserved 1105920K
  class space    used 8231K, capacity 9194K, committed 9216K, reserved 1048576K
}
Event: 75453.853 GC heap after
{Heap after GC invocations=19 (full 0):
 garbage-first heap   total 161792K, used 42634K [0x0000000081600000, 0x0000000100000000)
  region size 1024K, 8 young (8192K), 8 survivors (8192K)
 Metaspace       used 63755K, capacity 65915K, committed 66048K, reserved 1105920K
  class space    used 8231K, capacity 9194K, committed 9216K, reserved 1048576K
}

