# JRE version: Java(TM) SE Runtime Environment (11.0+28) (build 11+28)
# Java VM: Java HotSpot(TM) 64-Bit Server VM (11+28, mixed mode, tiered, compressed oops, g1 gc, windows-amd64)
Heap:
 garbage-first heap   total 131072K, used 110657K [0x0000000081600000, 0x0000000100000000)
  region size 1024K, 32 young (32768K), 1 survivors (1024K)
 Metaspace       used 63440K, capacity 65361K, committed 66380K, reserved 1105920K
  class space    used 8109K, capacity 8960K, committed 9292K, reserved 1048576K
GC Heap History (10 events):
Event: 385192.172 GC heap before
{Heap before GC invocations=161 (full 0):
 garbage-first heap   total 131072K, used 114726K [0x0000000081600000, 0x0000000100000000)
  region size 1024K, 34 young (34816K), 1 survivors (1024K)
 Metaspace       used 62868K, capacity 64677K, committed 66124K, reserved 1105920K
  class space    used 8001K, capacity 8787K, committed 9292K, reserved 1048576K
}
Event: 385192.174 GC heap after
{Heap after GC invocations=162 (full 0):
 garbage-first heap   total 131072K, used 80941K [0x0000000081600000, 0x0000000100000000)
  region size 1024K, 1 young (1024K), 1 survivors (1024K)
 Metaspace       used 62868K, capacity 64677K, committed 66124K, reserved 1105920K
  class space    used 8001K, capacity 8787K, committed 9292K, reserved 1048576K
}
Event: 385970.172 GC heap before
{Heap before GC invocations=162 (full 0):
 garbage-first heap   total 131072K, used 114733K [0x0000000081600000, 0x0000000100000000)
  region size 1024K, 34 young (34816K), 1 survivors (1024K)
 Metaspace       used 62868K, capacity 64677K, committed 66124K, reserved 1105920K
  class space    used 8001K, capacity 8787K, committed 9292K, reserved 1048576K
}
Event: 385970.175 GC heap after
{Heap after GC invocations=163 (full 0):
 garbage-first heap   total 131072K, used 80949K [0x0000000081600000, 0x0000000100000000)
  region size 1024K, 1 young (1024K), 1 survivors (1024K)
 Metaspace       used 62868K, capacity 64677K, committed 66124K, reserved 1105920K
  class space    used 8001K, capacity 8787K, committed 9292K, reserved 1048576K
}
Event: 386746.599 GC heap before
{Heap before GC invocations=164 (full 0):
 garbage-first heap   total 131072K, used 114741K [0x0000000081600000, 0x0000000100000000)
  region size 1024K, 34 young (34816K), 1 survivors (1024K)
 Metaspace       used 62868K, capacity 64677K, committed 66124K, reserved 1105920K
  class space    used 8001K, capacity 8787K, committed 9292K, reserved 1048576K
}
Event: 386746.601 GC heap after
{Heap after GC invocations=165 (full 0):
 garbage-first heap   total 131072K, used 80954K [0x0000000081600000, 0x0000000100000000)
  region size 1024K, 1 young (1024K), 1 survivors (1024K)
 Metaspace       used 62868K, capacity 64677K, committed 66124K, reserved 1105920K
  class space    used 8001K, capacity 8787K, committed 9292K, reserved 1048576K
}
Event: 387529.547 GC heap before
{Heap before GC invocations=165 (full 0):
 garbage-first heap   total 131072K, used 114746K [0x0000000081600000, 0x0000000100000000)
  region size 1024K, 34 young (34816K), 1 survivors (1024K)
 Metaspace       used 62871K, capacity 64677K, committed 66124K, reserved 1105920K
  class space    used 8001K, capacity 8787K, committed 9292K, reserved 1048576K
}
Event: 387529.549 GC heap after
{Heap after GC invocations=166 (full 0):
 garbage-first heap   total 131072K, used 80956K [0x0000000081600000, 0x0000000100000000)
  region size 1024K, 1 young (1024K), 1 survivors (1024K)
 Metaspace       used 62871K, capacity 64677K, committed 66124K, reserved 1105920K
  class space    used 8001K, capacity 8787K, committed 9292K, reserved 1048576K
}
Event: 388306.545 GC heap before
{Heap before GC invocations=167 (full 0):
 garbage-first heap   total 131072K, used 114748K [0x0000000081600000, 0x0000000100000000)
  region size 1024K, 34 young (34816K), 1 survivors (1024K)
 Metaspace       used 62872K, capacity 64677K, committed 66124K, reserved 1105920K
  class space    used 8001K, capacity 8787K, committed 9292K, reserved 1048576K
}
Event: 388306.547 GC heap after
{Heap after GC invocations=168 (full 0):
 garbage-first heap   total 131072K, used 80961K [0x0000000081600000, 0x0000000100000000)
  region size 1024K, 1 young (1024K), 1 survivors (1024K)
 Metaspace       used 62872K, capacity 64677K, committed 66124K, reserved 1105920K
  class space    used 8001K, capacity 8787K, committed 9292K, reserved 1048576K
}

